<?xml version="1.0" encoding="utf-8"?><testsuites name="pytest tests"><testsuite name="pytest" errors="0" failures="0" skipped="0" tests="15" time="5.148" timestamp="2026-04-15T10:03:48.327032+00:00" hostname="agent-env-e81a1735-5c96-4cf7-b2a8-1c149d129b0d"><testcase classname="backend.tests.test_auth_verification_reset.TestHealthCheck" name="test_health_endpoint" time="0.213" /><testcase classname="backend.tests.test_auth_verification_reset.TestForgotPasswordFlow" name="test_forgot_password_existing_user" time="0.117" /><testcase classname="backend.tests.test_auth_verification_reset.TestForgotPasswordFlow" name="test_forgot_password_nonexistent_user" time="0.163" /><testcase classname="backend.tests.test_auth_verification_reset.TestResetPasswordFlow" name="test_reset_password_with_valid_token" time="1.297" /><testcase classname="backend.tests.test_auth_verification_reset.TestResetPasswordFlow" name="test_reset_password_invalid_token" time="0.105" /><testcase classname="backend.tests.test_auth_verification_reset.TestResetPasswordFlow" name="test_reset_password_short_password" time="0.194" /><testcase classname="backend.tests.test_auth_verification_reset.TestEmailVerification" name="test_verify_email_with_valid_token" time="0.548" /><testcase classname="backend.tests.test_auth_verification_reset.TestEmailVerification" name="test_verify_email_invalid_token" time="0.097" /><testcase classname="backend.tests.test_auth_verification_reset.TestResendVerification" name="test_resend_verification_existing_user" time="0.478" /><testcase classname="backend.tests.test_auth_verification_reset.TestResendVerification" name="test_resend_verification_nonexistent_user" time="0.109" /><testcase classname="backend.tests.test_auth_verification_reset.TestLoginWithEmailVerified" name="test_login_returns_email_verified" time="0.327" /><testcase classname="backend.tests.test_auth_verification_reset.TestAuthMeWithEmailVerified" name="test_auth_me_returns_email_verified" time="0.455" /><testcase classname="backend.tests.test_auth_verification_reset.TestAnalyticsEndpoint" name="test_analytics_requires_pro_plan" time="0.431" /><testcase classname="backend.tests.test_auth_verification_reset.TestAnalyticsEndpoint" name="test_analytics_unauthenticated" time="0.101" /><testcase classname="backend.tests.test_auth_verification_reset.TestRegisterWithVerifyToken" name="test_register_returns_verify_token" time="0.327" /></testsuite></testsuites>