<?xml version="1.0" encoding="utf-8"?><testsuites name="pytest tests"><testsuite name="pytest" errors="0" failures="0" skipped="0" tests="16" time="3.310" timestamp="2026-04-15T17:14:20.443623+00:00" hostname="agent-env-673179a7-997f-46e5-9c06-518036b831b0"><testcase classname="backend.tests.test_gdpr_features.TestDataExport" name="test_export_returns_comprehensive_json" time="0.625" /><testcase classname="backend.tests.test_gdpr_features.TestDataExport" name="test_export_info_structure" time="0.104" /><testcase classname="backend.tests.test_gdpr_features.TestDataExport" name="test_export_excludes_password_hash" time="0.130" /><testcase classname="backend.tests.test_gdpr_features.TestDataExport" name="test_export_creates_consent_log" time="0.292" /><testcase classname="backend.tests.test_gdpr_features.TestDataExport" name="test_export_requires_auth" time="0.107" /><testcase classname="backend.tests.test_gdpr_features.TestInvoicePdf" name="test_get_paid_transaction_id" time="0.110" /><testcase classname="backend.tests.test_gdpr_features.TestInvoicePdf" name="test_pdf_download_for_paid_transaction" time="0.257" /><testcase classname="backend.tests.test_gdpr_features.TestInvoicePdf" name="test_pdf_returns_400_for_non_paid_transaction" time="0.329" /><testcase classname="backend.tests.test_gdpr_features.TestInvoicePdf" name="test_pdf_returns_404_for_invalid_transaction" time="0.133" /><testcase classname="backend.tests.test_gdpr_features.TestInvoicePdf" name="test_pdf_requires_auth" time="0.162" /><testcase classname="backend.tests.test_gdpr_features.TestDataRetention" name="test_cleanup_endpoint_works" time="0.159" /><testcase classname="backend.tests.test_gdpr_features.TestDataRetention" name="test_cleanup_requires_auth" time="0.134" /><testcase classname="backend.tests.test_gdpr_features.TestEmbedJsDomainLock" name="test_embed_js_returns_javascript" time="0.141" /><testcase classname="backend.tests.test_gdpr_features.TestEmbedJsDomainLock" name="test_embed_js_contains_domain_lock_logic" time="0.130" /><testcase classname="backend.tests.test_gdpr_features.TestEmbedJsDomainLock" name="test_chatbot_public_returns_domain_fields" time="0.229" /><testcase classname="backend.tests.test_gdpr_features.TestBillingTransactions" name="test_transactions_have_transaction_id" time="0.130" /></testsuite></testsuites>