<?xml version="1.0" encoding="utf-8"?><testsuites name="pytest tests"><testsuite name="pytest" errors="0" failures="0" skipped="0" tests="45" time="8.155" timestamp="2026-04-15T15:08:07.637414+00:00" hostname="agent-env-6797efa4-c3cf-4840-b387-51846bb58248"><testcase classname="tests.test_regression_refactoring.TestHealth" name="test_health_endpoint" time="0.161" /><testcase classname="tests.test_regression_refactoring.TestAuthEndpoints" name="test_login_success" time="0.367" /><testcase classname="tests.test_regression_refactoring.TestAuthEndpoints" name="test_login_invalid_credentials" time="0.126" /><testcase classname="tests.test_regression_refactoring.TestAuthEndpoints" name="test_auth_me_authenticated" time="0.594" /><testcase classname="tests.test_regression_refactoring.TestAuthEndpoints" name="test_auth_me_unauthenticated" time="0.129" /><testcase classname="tests.test_regression_refactoring.TestAuthEndpoints" name="test_logout" time="0.499" /><testcase classname="tests.test_regression_refactoring.TestAuthEndpoints" name="test_forgot_password_returns_mock_token" time="0.143" /><testcase classname="tests.test_regression_refactoring.TestAuthEndpoints" name="test_reset_password_invalid_token" time="0.121" /><testcase classname="tests.test_regression_refactoring.TestAuthEndpoints" name="test_verify_email_invalid_token" time="0.135" /><testcase classname="tests.test_regression_refactoring.TestAuthEndpoints" name="test_resend_verification" time="0.156" /><testcase classname="tests.test_regression_refactoring.TestAuthEndpoints" name="test_register_duplicate_email" time="0.184" /><testcase classname="tests.test_regression_refactoring.TestChatbotEndpoints" name="test_list_chatbots" time="0.154" /><testcase classname="tests.test_regression_refactoring.TestChatbotEndpoints" name="test_list_chatbots_unauthenticated" time="0.125" /><testcase classname="tests.test_regression_refactoring.TestChatbotEndpoints" name="test_get_chatbot_detail" time="0.118" /><testcase classname="tests.test_regression_refactoring.TestChatbotEndpoints" name="test_get_chatbot_public" time="0.115" /><testcase classname="tests.test_regression_refactoring.TestChatbotEndpoints" name="test_update_chatbot" time="0.522" /><testcase classname="tests.test_regression_refactoring.TestDomainEndpoints" name="test_domain_status" time="0.157" /><testcase classname="tests.test_regression_refactoring.TestDomainEndpoints" name="test_domain_status_unauthenticated" time="0.183" /><testcase classname="tests.test_regression_refactoring.TestDomainEndpoints" name="test_domain_init" time="0.167" /><testcase classname="tests.test_regression_refactoring.TestDomainEndpoints" name="test_domain_verify" time="0.448" /><testcase classname="tests.test_regression_refactoring.TestAnalyticsEndpoints" name="test_dashboard_stats" time="0.114" /><testcase classname="tests.test_regression_refactoring.TestAnalyticsEndpoints" name="test_dashboard_stats_unauthenticated" time="0.116" /><testcase classname="tests.test_regression_refactoring.TestAnalyticsEndpoints" name="test_analytics_pro_gated" time="0.123" /><testcase classname="tests.test_regression_refactoring.TestBillingEndpoints" name="test_get_billing" time="0.130" /><testcase classname="tests.test_regression_refactoring.TestBillingEndpoints" name="test_get_billing_unauthenticated" time="0.137" /><testcase classname="tests.test_regression_refactoring.TestBillingEndpoints" name="test_get_plans" time="0.108" /><testcase classname="tests.test_regression_refactoring.TestBillingEndpoints" name="test_change_plan_to_free" time="0.112" /><testcase classname="tests.test_regression_refactoring.TestConversationsEndpoints" name="test_list_conversations" time="0.221" /><testcase classname="tests.test_regression_refactoring.TestConversationsEndpoints" name="test_list_conversations_unauthenticated" time="0.109" /><testcase classname="tests.test_regression_refactoring.TestConversationsEndpoints" name="test_get_conversation_thread" time="0.154" /><testcase classname="tests.test_regression_refactoring.TestConversationsEndpoints" name="test_get_conversation_not_found" time="0.139" /><testcase classname="tests.test_regression_refactoring.TestConversationsEndpoints" name="test_export_conversations" time="0.171" /><testcase classname="tests.test_regression_refactoring.TestConversationsEndpoints" name="test_cleanup_expired" time="0.117" /><testcase classname="tests.test_regression_refactoring.TestTeamEndpoints" name="test_get_team_agency_gated" time="0.110" /><testcase classname="tests.test_regression_refactoring.TestTeamEndpoints" name="test_get_team_unauthenticated" time="0.107" /><testcase classname="tests.test_regression_refactoring.TestPrivacyEndpoints" name="test_log_consent" time="0.114" /><testcase classname="tests.test_regression_refactoring.TestPrivacyEndpoints" name="test_export_user_data" time="0.131" /><testcase classname="tests.test_regression_refactoring.TestPrivacyEndpoints" name="test_export_user_data_unauthenticated" time="0.118" /><testcase classname="tests.test_regression_refactoring.TestTemplatesEndpoints" name="test_list_templates" time="0.126" /><testcase classname="tests.test_regression_refactoring.TestTemplatesEndpoints" name="test_get_template_by_id" time="0.270" /><testcase classname="tests.test_regression_refactoring.TestTemplatesEndpoints" name="test_get_template_not_found" time="0.157" /><testcase classname="tests.test_regression_refactoring.TestAIConfigEndpoints" name="test_get_ai_config" time="0.140" /><testcase classname="tests.test_regression_refactoring.TestAIConfigEndpoints" name="test_get_ai_config_unauthenticated" time="0.137" /><testcase classname="tests.test_regression_refactoring.TestAIConfigEndpoints" name="test_update_ai_config" time="0.144" /><testcase classname="tests.test_regression_refactoring.TestEmbedEndpoint" name="test_get_embed_js" time="0.116" /></testsuite></testsuites>