<?xml version="1.0" encoding="utf-8"?><testsuites name="pytest tests"><testsuite name="pytest" errors="0" failures="0" skipped="0" tests="14" time="4.172" timestamp="2026-04-15T19:42:24.476882+00:00" hostname="agent-env-b7a7a4dc-a5d9-4fb6-976e-d75b39f0771c"><testcase classname="tests.test_anti_abuse_features.TestTrialUsageLimits" name="test_usage_returns_trial_limit_2" time="0.543" /><testcase classname="tests.test_anti_abuse_features.TestTrialUsageLimits" name="test_usage_shows_trial_active_flag" time="0.527" /><testcase classname="tests.test_anti_abuse_features.TestRefundTiers" name="test_refund_tier_0_usage" time="0.277" /><testcase classname="tests.test_anti_abuse_features.TestRefundTiers" name="test_refund_tier_1_to_5_usage" time="0.000" /><testcase classname="tests.test_anti_abuse_features.TestRefundTiers" name="test_refund_tier_6_to_15_usage" time="0.000" /><testcase classname="tests.test_anti_abuse_features.TestRefundTiers" name="test_refund_tier_16_to_30_usage" time="0.000" /><testcase classname="tests.test_anti_abuse_features.TestRefundTiers" name="test_refund_tier_31_plus_usage" time="0.000" /><testcase classname="tests.test_anti_abuse_features.TestCancelPreview" name="test_cancel_preview_rejects_free_plan" time="0.532" /><testcase classname="tests.test_anti_abuse_features.TestCancelPreview" name="test_cancel_preview_returns_required_fields" time="0.731" /><testcase classname="tests.test_anti_abuse_features.TestCancelEndpoint" name="test_cancel_rejects_free_plan" time="0.477" /><testcase classname="tests.test_anti_abuse_features.TestRevertCancelEndpoint" name="test_revert_cancel_fails_when_no_pending" time="0.536" /><testcase classname="tests.test_anti_abuse_features.TestConfigValues" name="test_marketing_usage_limits_has_trial" time="0.000" /><testcase classname="tests.test_anti_abuse_features.TestConfigValues" name="test_refund_tiers_configured" time="0.000" /><testcase classname="tests.test_anti_abuse_features.TestTrialRunLimit" name="test_run_returns_429_when_limit_exceeded" time="0.474" /></testsuite></testsuites>