<?xml version="1.0" encoding="utf-8"?><testsuites name="pytest tests"><testsuite name="pytest" errors="0" failures="0" skipped="0" tests="14" time="8.363" timestamp="2026-04-15T17:38:49.151041+00:00" hostname="agent-env-673179a7-997f-46e5-9c06-518036b831b0"><testcase classname="backend.tests.test_i18n_and_new_features.TestSatisfactionRating" name="test_rate_positive" time="0.538" /><testcase classname="backend.tests.test_i18n_and_new_features.TestSatisfactionRating" name="test_rate_negative" time="0.141" /><testcase classname="backend.tests.test_i18n_and_new_features.TestSatisfactionRating" name="test_rate_invalid_value" time="0.136" /><testcase classname="backend.tests.test_i18n_and_new_features.TestSatisfactionRating" name="test_rate_missing_fields" time="0.150" /><testcase classname="backend.tests.test_i18n_and_new_features.TestAIConfigOllama" name="test_get_ai_config" time="0.519" /><testcase classname="backend.tests.test_i18n_and_new_features.TestAIConfigOllama" name="test_update_ai_config_claude" time="0.124" /><testcase classname="backend.tests.test_i18n_and_new_features.TestAIConfigOllama" name="test_update_ai_config_ollama" time="0.287" /><testcase classname="backend.tests.test_i18n_and_new_features.TestAnalyticsWithSatisfaction" name="test_analytics_requires_pro_plan" time="0.513" /><testcase classname="backend.tests.test_i18n_and_new_features.TestAnalyticsWithSatisfaction" name="test_analytics_satisfaction_structure" time="0.171" /><testcase classname="backend.tests.test_i18n_and_new_features.TestCSVExport" name="test_csv_export_requires_pro_plan" time="0.581" /><testcase classname="backend.tests.test_i18n_and_new_features.TestCSVExport" name="test_csv_export_requires_auth" time="0.152" /><testcase classname="backend.tests.test_i18n_and_new_features.TestChatEndpointMessageId" name="test_chat_returns_message_id" time="4.791" /><testcase classname="backend.tests.test_i18n_and_new_features.TestEmbedJsRatingButtons" name="test_embed_js_has_rating_code" time="0.180" /><testcase classname="backend.tests.test_i18n_and_new_features.TestUnansweredQuestionLogging" name="test_unanswered_patterns_exist_in_backend" time="0.000" /></testsuite></testsuites>