<?xml version="1.0" encoding="utf-8"?><testsuites name="pytest tests"><testsuite name="pytest" errors="0" failures="0" skipped="0" tests="19" time="4.009" timestamp="2026-04-15T11:45:31.242750+00:00" hostname="agent-env-e81a1735-5c96-4cf7-b2a8-1c149d129b0d"><testcase classname="backend.tests.test_domain_verification.TestRegistrationWithWebsiteUrl" name="test_register_requires_website_url" time="0.190" /><testcase classname="backend.tests.test_domain_verification.TestRegistrationWithWebsiteUrl" name="test_register_with_website_url_returns_domain_fields" time="0.333" /><testcase classname="backend.tests.test_domain_verification.TestRegistrationWithWebsiteUrl" name="test_register_normalizes_url_without_https" time="0.372" /><testcase classname="backend.tests.test_domain_verification.TestRegistrationWithWebsiteUrl" name="test_register_extracts_domain_from_full_url" time="0.324" /><testcase classname="backend.tests.test_domain_verification.TestAuthMeDomainFields" name="test_auth_me_returns_domain_fields" time="0.457" /><testcase classname="backend.tests.test_domain_verification.TestLoginDomainFields" name="test_login_returns_domain_fields" time="0.325" /><testcase classname="backend.tests.test_domain_verification.TestDomainStatus" name="test_get_domain_status_authenticated" time="0.103" /><testcase classname="backend.tests.test_domain_verification.TestDomainStatus" name="test_get_domain_status_unauthenticated" time="0.096" /><testcase classname="backend.tests.test_domain_verification.TestDomainInit" name="test_init_domain_verification" time="0.104" /><testcase classname="backend.tests.test_domain_verification.TestDomainInit" name="test_init_domain_normalizes_url" time="0.106" /><testcase classname="backend.tests.test_domain_verification.TestDomainInit" name="test_init_domain_rejects_empty_url" time="0.101" /><testcase classname="backend.tests.test_domain_verification.TestDomainInit" name="test_init_domain_rejects_invalid_domain" time="0.107" /><testcase classname="backend.tests.test_domain_verification.TestDomainInit" name="test_init_domain_unauthenticated" time="0.135" /><testcase classname="backend.tests.test_domain_verification.TestDomainVerify" name="test_verify_domain_meta_tag_fails_gracefully" time="0.441" /><testcase classname="backend.tests.test_domain_verification.TestDomainVerify" name="test_verify_domain_dns_txt_fails_gracefully" time="0.259" /><testcase classname="backend.tests.test_domain_verification.TestDomainVerify" name="test_verify_domain_rejects_invalid_method" time="0.100" /><testcase classname="backend.tests.test_domain_verification.TestDomainVerify" name="test_verify_domain_unauthenticated" time="0.094" /><testcase classname="backend.tests.test_domain_verification.TestPublicChatbotDomainFields" name="test_public_chatbot_returns_domain_fields" time="0.262" /><testcase classname="backend.tests.test_domain_verification.TestGoogleOAuthDomainFields" name="test_google_oauth_user_has_empty_domain_fields" time="0.000" /></testsuite></testsuites>