<?xml version="1.0" encoding="utf-8"?><testsuites name="pytest tests"><testsuite name="pytest" errors="0" failures="0" skipped="1" tests="19" time="3.941" timestamp="2026-04-15T11:13:15.423014+00:00" hostname="agent-env-e81a1735-5c96-4cf7-b2a8-1c149d129b0d"><testcase classname="backend.tests.test_new_features.TestAIConfig" name="test_get_ai_config_authenticated" time="0.564" /><testcase classname="backend.tests.test_new_features.TestAIConfig" name="test_get_ai_config_unauthenticated" time="0.100" /><testcase classname="backend.tests.test_new_features.TestAIConfig" name="test_update_ai_config_to_claude" time="0.148" /><testcase classname="backend.tests.test_new_features.TestAIConfig" name="test_update_ai_config_to_ollama" time="0.256" /><testcase classname="backend.tests.test_new_features.TestAIConfig" name="test_update_ai_config_invalid_engine" time="0.103" /><testcase classname="backend.tests.test_new_features.TestAIConfig" name="test_reset_ai_config_to_claude" time="0.101" /><testcase classname="backend.tests.test_new_features.TestBillingPlans" name="test_get_plans_public" time="0.102" /><testcase classname="backend.tests.test_new_features.TestBillingPlans" name="test_plans_pricing_correct" time="0.147" /><testcase classname="backend.tests.test_new_features.TestChangePlan" name="test_change_plan_to_free_downgrade" time="0.101" /><testcase classname="backend.tests.test_new_features.TestChangePlan" name="test_change_plan_to_paid_returns_checkout_url" time="0.694" /><testcase classname="backend.tests.test_new_features.TestChangePlan" name="test_change_plan_invalid_plan" time="0.139" /><testcase classname="backend.tests.test_new_features.TestChangePlan" name="test_change_plan_unauthenticated" time="0.095" /><testcase classname="backend.tests.test_new_features.TestEmailVerificationBanner" name="test_resend_verification_returns_mock_token" time="0.102" /><testcase classname="backend.tests.test_new_features.TestEmailVerificationBanner" name="test_verify_email_with_invalid_token" time="0.102" /><testcase classname="backend.tests.test_new_features.TestEmailVerificationBanner" name="test_auth_me_returns_email_verified_field" time="0.104" /><testcase classname="backend.tests.test_new_features.TestWidgetCustomization" name="test_create_chatbot_with_widget_fields" time="0.105"><skipped type="pytest.skip" message="Plan limit reached">/app/backend/tests/test_new_features.py:265: Plan limit reached</skipped></testcase><testcase classname="backend.tests.test_new_features.TestWidgetCustomization" name="test_update_chatbot_widget_fields" time="0.422" /><testcase classname="backend.tests.test_new_features.TestWidgetCustomization" name="test_public_chatbot_returns_owner_plan" time="0.248" /><testcase classname="backend.tests.test_new_features.TestBillingEndpoint" name="test_get_billing_authenticated" time="0.135" /></testsuite></testsuites>