<?xml version="1.0" encoding="utf-8"?><testsuites name="pytest tests"><testsuite name="pytest" errors="0" failures="0" skipped="0" tests="21" time="83.396" timestamp="2026-04-15T19:20:53.977685+00:00" hostname="agent-env-b7a7a4dc-a5d9-4fb6-976e-d75b39f0771c"><testcase classname="backend.tests.test_marketing_expansion.TestMarketingSkills34" name="test_skills_returns_34_skills" time="0.607" /><testcase classname="backend.tests.test_marketing_expansion.TestMarketingSkills34" name="test_skills_has_all_expected_keys" time="0.116" /><testcase classname="backend.tests.test_marketing_expansion.TestMarketingSkills34" name="test_skills_returns_8_categories" time="0.104" /><testcase classname="backend.tests.test_marketing_expansion.TestMarketingSkills34" name="test_skills_have_category_field" time="0.136" /><testcase classname="backend.tests.test_marketing_expansion.TestMarketingSkills34" name="test_skills_have_placeholder_field" time="0.129" /><testcase classname="backend.tests.test_marketing_expansion.TestMarketingSkills34" name="test_category_filtering_texte_inhalte" time="0.147" /><testcase classname="backend.tests.test_marketing_expansion.TestMarketingSkills34" name="test_category_filtering_website_conversion" time="0.135" /><testcase classname="backend.tests.test_marketing_expansion.TestMarketingProfile" name="test_get_profile_returns_empty_for_new_user" time="0.467" /><testcase classname="backend.tests.test_marketing_expansion.TestMarketingProfile" name="test_save_profile" time="0.188" /><testcase classname="backend.tests.test_marketing_expansion.TestMarketingProfile" name="test_get_profile_returns_saved_data" time="0.141" /><testcase classname="backend.tests.test_marketing_expansion.TestWebsiteScan" name="test_get_scan_status_none" time="0.474" /><testcase classname="backend.tests.test_marketing_expansion.TestWebsiteScan" name="test_start_scan_requires_consent" time="0.101" /><testcase classname="backend.tests.test_marketing_expansion.TestWebsiteScan" name="test_start_scan_requires_url" time="0.099" /><testcase classname="backend.tests.test_marketing_expansion.TestWebsiteScan" name="test_start_scan_with_consent" time="0.439" /><testcase classname="backend.tests.test_marketing_expansion.TestRegistrationWithScan" name="test_register_with_scan_consent_triggers_scan" time="31.191" /><testcase classname="backend.tests.test_marketing_expansion.TestRegistrationWithScan" name="test_register_without_website_url_works" time="24.992" /><testcase classname="backend.tests.test_marketing_expansion.TestRegistrationWithScan" name="test_register_with_website_no_consent" time="0.352" /><testcase classname="backend.tests.test_marketing_expansion.TestMarketingRunWithProfile" name="test_run_skill_with_profile_context" time="23.040" /><testcase classname="backend.tests.test_marketing_expansion.TestNewSkillsWork" name="test_ai_seo_skill_exists" time="0.139" /><testcase classname="backend.tests.test_marketing_expansion.TestNewSkillsWork" name="test_sales_enablement_skill_exists" time="0.122" /><testcase classname="backend.tests.test_marketing_expansion.TestNewSkillsWork" name="test_product_marketing_context_skill_exists" time="0.136" /></testsuite></testsuites>