<?xml version="1.0" encoding="utf-8"?><testsuites name="pytest tests"><testsuite name="pytest" errors="0" failures="0" skipped="1" tests="19" time="13.861" timestamp="2026-04-15T18:20:57.757920+00:00" hostname="agent-env-673179a7-997f-46e5-9c06-518036b831b0"><testcase classname="tests.test_marketing_assistent.TestMarketingSkills" name="test_skills_returns_10_skills" time="0.705" /><testcase classname="tests.test_marketing_assistent.TestMarketingSkills" name="test_skills_has_all_expected_keys" time="0.262" /><testcase classname="tests.test_marketing_assistent.TestMarketingSkills" name="test_skills_have_german_labels" time="0.144" /><testcase classname="tests.test_marketing_assistent.TestMarketingSkills" name="test_skills_have_required_fields" time="0.181" /><testcase classname="tests.test_marketing_assistent.TestMarketingUsage" name="test_usage_returns_required_fields" time="0.229" /><testcase classname="tests.test_marketing_assistent.TestMarketingUsage" name="test_usage_values_are_correct_types" time="0.218" /><testcase classname="tests.test_marketing_assistent.TestMarketingUsage" name="test_test_user_has_active_trial" time="0.241" /><testcase classname="tests.test_marketing_assistent.TestMarketingStartTrial" name="test_start_trial_returns_400_if_already_used" time="0.111" /><testcase classname="tests.test_marketing_assistent.TestMarketingRun" name="test_run_requires_authentication" time="0.123" /><testcase classname="tests.test_marketing_assistent.TestMarketingRun" name="test_run_requires_skill_and_message" time="0.128" /><testcase classname="tests.test_marketing_assistent.TestMarketingRun" name="test_run_rejects_invalid_skill" time="0.256" /><testcase classname="tests.test_marketing_assistent.TestMarketingRun" name="test_run_works_for_trial_user" time="10.251" /><testcase classname="tests.test_marketing_assistent.TestMarketingSaveAndHistory" name="test_save_result" time="0.149" /><testcase classname="tests.test_marketing_assistent.TestMarketingSaveAndHistory" name="test_get_history" time="0.132" /><testcase classname="tests.test_marketing_assistent.TestBillingPlans" name="test_plans_returns_5_plans" time="0.138" /><testcase classname="tests.test_marketing_assistent.TestBillingPlans" name="test_plans_include_growth_at_99" time="0.106" /><testcase classname="tests.test_marketing_assistent.TestBillingPlans" name="test_plans_have_correct_order" time="0.106" /><testcase classname="tests.test_marketing_assistent.TestMarketingAccessControl" name="test_free_user_without_trial_gets_403" time="0.164"><skipped type="pytest.skip" message="Could not create test user">/app/backend/tests/test_marketing_assistent.py:286: Could not create test user</skipped></testcase><testcase classname="tests.test_marketing_assistent.TestConfigGrowthPlan" name="test_growth_plan_in_usage_limits" time="0.123" /></testsuite></testsuites>