<?xml version="1.0" encoding="utf-8"?><testsuites name="pytest tests"><testsuite name="pytest" errors="0" failures="0" skipped="0" tests="18" time="3.255" timestamp="2026-04-15T14:49:49.513161+00:00" hostname="agent-env-6797efa4-c3cf-4840-b387-51846bb58248"><testcase classname="backend.tests.test_conversations.TestConversationsListEndpoint" name="test_conversations_list_requires_auth" time="0.227" /><testcase classname="backend.tests.test_conversations.TestConversationsListEndpoint" name="test_conversations_list_returns_paginated_data" time="0.458" /><testcase classname="backend.tests.test_conversations.TestConversationsListEndpoint" name="test_conversations_list_structure" time="0.113" /><testcase classname="backend.tests.test_conversations.TestConversationsListEndpoint" name="test_conversations_filter_by_chatbot_id" time="0.128" /><testcase classname="backend.tests.test_conversations.TestConversationsListEndpoint" name="test_conversations_search_filter" time="0.132" /><testcase classname="backend.tests.test_conversations.TestConversationsListEndpoint" name="test_conversations_date_filters" time="0.129" /><testcase classname="backend.tests.test_conversations.TestConversationsListEndpoint" name="test_conversations_pagination" time="0.124" /><testcase classname="backend.tests.test_conversations.TestConversationDetailEndpoint" name="test_conversation_detail_requires_auth" time="0.121" /><testcase classname="backend.tests.test_conversations.TestConversationDetailEndpoint" name="test_conversation_detail_not_found" time="0.108" /><testcase classname="backend.tests.test_conversations.TestConversationDetailEndpoint" name="test_conversation_detail_returns_messages" time="0.231" /><testcase classname="backend.tests.test_conversations.TestConversationsExportEndpoint" name="test_export_requires_auth" time="0.105" /><testcase classname="backend.tests.test_conversations.TestConversationsExportEndpoint" name="test_export_returns_csv" time="0.104" /><testcase classname="backend.tests.test_conversations.TestConversationsExportEndpoint" name="test_export_csv_structure" time="0.116" /><testcase classname="backend.tests.test_conversations.TestConversationsExportEndpoint" name="test_export_with_filters" time="0.120" /><testcase classname="backend.tests.test_conversations.TestMaintenanceCleanupEndpoint" name="test_cleanup_requires_auth" time="0.119" /><testcase classname="backend.tests.test_conversations.TestMaintenanceCleanupEndpoint" name="test_cleanup_returns_deleted_count" time="0.143" /><testcase classname="backend.tests.test_conversations.TestConversationsIntegration" name="test_list_then_detail_flow" time="0.279" /><testcase classname="backend.tests.test_conversations.TestConversationsIntegration" name="test_export_contains_listed_conversations" time="0.238" /></testsuite></testsuites>